mode: set
crudapp/pkg/middleware/panic.go:7.44,8.71 1 0
crudapp/pkg/middleware/panic.go:8.71,10.16 1 0
crudapp/pkg/middleware/panic.go:16.3,16.23 1 0
crudapp/pkg/middleware/panic.go:10.16,11.36 1 0
crudapp/pkg/middleware/panic.go:11.36,14.5 1 0
crudapp/cmd/crudapp/main.go:19.13,34.16 7 0
crudapp/cmd/crudapp/main.go:40.2,84.32 25 0
crudapp/cmd/crudapp/main.go:34.16,35.13 1 0
crudapp/pkg/handlers/items.go:31.69,33.16 2 1
crudapp/pkg/handlers/items.go:39.2,44.16 2 1
crudapp/pkg/handlers/items.go:33.16,37.3 3 1
crudapp/pkg/handlers/items.go:44.16,48.3 3 1
crudapp/pkg/handlers/items.go:51.72,53.16 2 0
crudapp/pkg/handlers/items.go:53.16,57.3 3 0
crudapp/pkg/handlers/items.go:60.68,66.16 6 0
crudapp/pkg/handlers/items.go:72.2,73.16 2 0
crudapp/pkg/handlers/items.go:78.2,79.44 2 0
crudapp/pkg/handlers/items.go:66.16,70.3 3 0
crudapp/pkg/handlers/items.go:73.16,77.3 3 0
crudapp/pkg/handlers/items.go:82.69,85.16 3 0
crudapp/pkg/handlers/items.go:90.2,91.16 2 0
crudapp/pkg/handlers/items.go:96.2,96.17 1 0
crudapp/pkg/handlers/items.go:101.2,102.16 2 0
crudapp/pkg/handlers/items.go:85.16,88.3 2 0
crudapp/pkg/handlers/items.go:91.16,95.3 3 0
crudapp/pkg/handlers/items.go:96.17,99.3 2 0
crudapp/pkg/handlers/items.go:102.16,106.3 3 0
crudapp/pkg/handlers/items.go:109.71,112.16 3 0
crudapp/pkg/handlers/items.go:117.2,122.16 6 0
crudapp/pkg/handlers/items.go:127.2,133.16 5 0
crudapp/pkg/handlers/items.go:139.2,141.44 2 0
crudapp/pkg/handlers/items.go:112.16,115.3 2 0
crudapp/pkg/handlers/items.go:122.16,126.3 3 0
crudapp/pkg/handlers/items.go:133.16,137.3 3 0
crudapp/pkg/handlers/items.go:144.71,147.16 3 0
crudapp/pkg/handlers/items.go:152.2,153.16 2 0
crudapp/pkg/handlers/items.go:159.2,163.19 3 0
crudapp/pkg/handlers/items.go:147.16,150.3 2 0
crudapp/pkg/handlers/items.go:153.16,157.3 3 0
crudapp/pkg/handlers/items_mock.go:26.73,30.2 3 1
crudapp/pkg/handlers/items_mock.go:33.71,35.2 1 1
crudapp/pkg/handlers/items_mock.go:38.62,44.2 5 1
crudapp/pkg/handlers/items_mock.go:47.65,50.2 2 1
crudapp/pkg/handlers/items_mock.go:53.71,59.2 5 0
crudapp/pkg/handlers/items_mock.go:62.82,65.2 2 0
crudapp/pkg/handlers/items_mock.go:68.67,74.2 5 0
crudapp/pkg/handlers/items_mock.go:77.78,80.2 2 0
crudapp/pkg/handlers/items_mock.go:83.70,89.2 5 0
crudapp/pkg/handlers/items_mock.go:92.81,95.2 2 0
crudapp/pkg/handlers/items_mock.go:98.64,104.2 5 0
crudapp/pkg/handlers/items_mock.go:107.81,110.2 2 0
crudapp/pkg/items/repo.go:11.48,13.2 1 0
crudapp/pkg/items/repo.go:15.55,18.16 3 0
crudapp/pkg/items/repo.go:21.2,22.18 2 0
crudapp/pkg/items/repo.go:30.2,30.19 1 0
crudapp/pkg/items/repo.go:18.16,20.3 1 0
crudapp/pkg/items/repo.go:22.18,25.17 3 0
crudapp/pkg/items/repo.go:28.3,28.30 1 0
crudapp/pkg/items/repo.go:25.17,27.4 1 0
crudapp/pkg/items/repo.go:33.62,39.16 3 0
crudapp/pkg/items/repo.go:42.2,42.18 1 0
crudapp/pkg/items/repo.go:39.16,41.3 1 0
crudapp/pkg/items/repo.go:45.60,51.16 2 0
crudapp/pkg/items/repo.go:54.2,54.30 1 0
crudapp/pkg/items/repo.go:51.16,53.3 1 0
crudapp/pkg/items/repo.go:57.63,69.16 2 0
crudapp/pkg/items/repo.go:72.2,72.30 1 0
crudapp/pkg/items/repo.go:69.16,71.3 1 0
crudapp/pkg/items/repo.go:75.61,80.16 2 0
crudapp/pkg/items/repo.go:83.2,83.30 1 0
crudapp/pkg/items/repo.go:80.16,82.3 1 0
crudapp/pkg/session/manager.go:14.40,19.2 1 0
crudapp/pkg/session/manager.go:21.69,23.29 2 0
crudapp/pkg/session/manager.go:27.2,31.9 4 0
crudapp/pkg/session/manager.go:35.2,35.18 1 0
crudapp/pkg/session/manager.go:23.29,25.3 1 0
crudapp/pkg/session/manager.go:31.9,33.3 1 0
crudapp/pkg/session/manager.go:38.91,53.2 7 0
crudapp/pkg/session/manager.go:55.89,57.16 2 0
crudapp/pkg/session/manager.go:61.2,71.12 6 0
crudapp/pkg/session/manager.go:57.16,59.3 1 0
crudapp/pkg/user/user.go:15.30,25.2 1 0
crudapp/pkg/user/user.go:32.68,34.9 2 0
crudapp/pkg/user/user.go:39.2,39.24 1 0
crudapp/pkg/user/user.go:43.2,43.15 1 0
crudapp/pkg/user/user.go:34.9,36.3 1 0
crudapp/pkg/user/user.go:39.24,41.3 1 0
crudapp/pkg/middleware/accesslog.go:11.75,12.71 1 0
crudapp/pkg/middleware/accesslog.go:12.71,22.3 3 0
crudapp/pkg/middleware/auth.go:20.72,21.71 1 0
crudapp/pkg/middleware/auth.go:21.71,23.42 1 0
crudapp/pkg/middleware/auth.go:27.3,29.39 3 0
crudapp/pkg/middleware/auth.go:34.3,35.40 2 0
crudapp/pkg/middleware/auth.go:23.42,26.4 2 0
crudapp/pkg/middleware/auth.go:29.39,33.4 2 0
crudapp/pkg/handlers/user.go:20.69,22.16 2 0
crudapp/pkg/handlers/user.go:27.2,28.16 2 0
crudapp/pkg/handlers/user.go:22.16,25.3 2 0
crudapp/pkg/handlers/user.go:28.16,31.3 2 0
crudapp/pkg/handlers/user.go:34.69,36.27 2 0
crudapp/pkg/handlers/user.go:40.2,40.28 1 0
crudapp/pkg/handlers/user.go:45.2,47.31 3 0
crudapp/pkg/handlers/user.go:36.27,39.3 2 0
crudapp/pkg/handlers/user.go:40.28,43.3 2 0
crudapp/pkg/handlers/user.go:50.70,53.2 2 0
crudapp/pkg/items/item.go:16.40,18.2 1 0
crudapp/pkg/session/session.go:15.41,24.2 3 0
crudapp/pkg/session/session.go:34.64,36.24 2 0
crudapp/pkg/session/session.go:39.2,39.18 1 0
crudapp/pkg/session/session.go:36.24,38.3 1 0
crudapp/pkg/session/manager.go:14.40,19.2 1 0
crudapp/pkg/session/manager.go:21.69,23.29 2 0
crudapp/pkg/session/manager.go:27.2,31.9 4 0
crudapp/pkg/session/manager.go:35.2,35.18 1 0
crudapp/pkg/session/manager.go:23.29,25.3 1 0
crudapp/pkg/session/manager.go:31.9,33.3 1 0
crudapp/pkg/session/manager.go:38.91,53.2 7 0
crudapp/pkg/session/manager.go:55.89,57.16 2 0
crudapp/pkg/session/manager.go:61.2,71.12 6 0
crudapp/pkg/session/manager.go:57.16,59.3 1 0
crudapp/pkg/session/session.go:15.41,24.2 3 0
crudapp/pkg/session/session.go:34.64,36.24 2 0
crudapp/pkg/session/session.go:39.2,39.18 1 0
crudapp/pkg/session/session.go:36.24,38.3 1 0
crudapp/pkg/user/user.go:15.30,25.2 1 0
crudapp/pkg/user/user.go:32.68,34.9 2 0
crudapp/pkg/user/user.go:39.2,39.24 1 0
crudapp/pkg/user/user.go:43.2,43.15 1 0
crudapp/pkg/user/user.go:34.9,36.3 1 0
crudapp/pkg/user/user.go:39.24,41.3 1 0
crudapp/pkg/handlers/user.go:20.69,22.16 2 0
crudapp/pkg/handlers/user.go:27.2,28.16 2 0
crudapp/pkg/handlers/user.go:22.16,25.3 2 0
crudapp/pkg/handlers/user.go:28.16,31.3 2 0
crudapp/pkg/handlers/user.go:34.69,36.27 2 0
crudapp/pkg/handlers/user.go:40.2,40.28 1 0
crudapp/pkg/handlers/user.go:45.2,47.31 3 0
crudapp/pkg/handlers/user.go:36.27,39.3 2 0
crudapp/pkg/handlers/user.go:40.28,43.3 2 0
crudapp/pkg/handlers/user.go:50.70,53.2 2 0
crudapp/pkg/middleware/accesslog.go:11.75,12.71 1 0
crudapp/pkg/middleware/accesslog.go:12.71,22.3 3 0
crudapp/pkg/middleware/panic.go:7.44,8.71 1 0
crudapp/pkg/middleware/panic.go:8.71,10.16 1 0
crudapp/pkg/middleware/panic.go:16.3,16.23 1 0
crudapp/pkg/middleware/panic.go:10.16,11.36 1 0
crudapp/pkg/middleware/panic.go:11.36,14.5 1 0
crudapp/cmd/crudapp/main.go:19.13,34.16 7 0
crudapp/cmd/crudapp/main.go:40.2,84.32 25 0
crudapp/cmd/crudapp/main.go:34.16,35.13 1 0
crudapp/pkg/items/repo.go:11.48,13.2 1 0
crudapp/pkg/items/repo.go:15.55,18.16 3 0
crudapp/pkg/items/repo.go:21.2,22.18 2 0
crudapp/pkg/items/repo.go:30.2,30.19 1 0
crudapp/pkg/items/repo.go:18.16,20.3 1 0
crudapp/pkg/items/repo.go:22.18,25.17 3 0
crudapp/pkg/items/repo.go:28.3,28.30 1 0
crudapp/pkg/items/repo.go:25.17,27.4 1 0
crudapp/pkg/items/repo.go:33.62,39.16 3 1
crudapp/pkg/items/repo.go:42.2,42.18 1 1
crudapp/pkg/items/repo.go:39.16,41.3 1 1
crudapp/pkg/items/repo.go:45.60,51.16 2 1
crudapp/pkg/items/repo.go:54.2,54.30 1 1
crudapp/pkg/items/repo.go:51.16,53.3 1 1
crudapp/pkg/items/repo.go:57.63,69.16 2 0
crudapp/pkg/items/repo.go:72.2,72.30 1 0
crudapp/pkg/items/repo.go:69.16,71.3 1 0
crudapp/pkg/items/repo.go:75.61,80.16 2 0
crudapp/pkg/items/repo.go:83.2,83.30 1 0
crudapp/pkg/items/repo.go:80.16,82.3 1 0
crudapp/pkg/handlers/items.go:31.69,33.16 2 0
crudapp/pkg/handlers/items.go:39.2,44.16 2 0
crudapp/pkg/handlers/items.go:33.16,37.3 3 0
crudapp/pkg/handlers/items.go:44.16,48.3 3 0
crudapp/pkg/handlers/items.go:51.72,53.16 2 0
crudapp/pkg/handlers/items.go:53.16,57.3 3 0
crudapp/pkg/handlers/items.go:60.68,66.16 6 0
crudapp/pkg/handlers/items.go:72.2,73.16 2 0
crudapp/pkg/handlers/items.go:78.2,79.44 2 0
crudapp/pkg/handlers/items.go:66.16,70.3 3 0
crudapp/pkg/handlers/items.go:73.16,77.3 3 0
crudapp/pkg/handlers/items.go:82.69,85.16 3 0
crudapp/pkg/handlers/items.go:90.2,91.16 2 0
crudapp/pkg/handlers/items.go:96.2,96.17 1 0
crudapp/pkg/handlers/items.go:101.2,102.16 2 0
crudapp/pkg/handlers/items.go:85.16,88.3 2 0
crudapp/pkg/handlers/items.go:91.16,95.3 3 0
crudapp/pkg/handlers/items.go:96.17,99.3 2 0
crudapp/pkg/handlers/items.go:102.16,106.3 3 0
crudapp/pkg/handlers/items.go:109.71,112.16 3 0
crudapp/pkg/handlers/items.go:117.2,122.16 6 0
crudapp/pkg/handlers/items.go:127.2,133.16 5 0
crudapp/pkg/handlers/items.go:139.2,141.44 2 0
crudapp/pkg/handlers/items.go:112.16,115.3 2 0
crudapp/pkg/handlers/items.go:122.16,126.3 3 0
crudapp/pkg/handlers/items.go:133.16,137.3 3 0
crudapp/pkg/handlers/items.go:144.71,147.16 3 0
crudapp/pkg/handlers/items.go:152.2,153.16 2 0
crudapp/pkg/handlers/items.go:159.2,163.19 3 0
crudapp/pkg/handlers/items.go:147.16,150.3 2 0
crudapp/pkg/handlers/items.go:153.16,157.3 3 0
crudapp/pkg/handlers/items_mock.go:26.73,30.2 3 0
crudapp/pkg/handlers/items_mock.go:33.71,35.2 1 0
crudapp/pkg/handlers/items_mock.go:38.62,44.2 5 0
crudapp/pkg/handlers/items_mock.go:47.65,50.2 2 0
crudapp/pkg/handlers/items_mock.go:53.71,59.2 5 0
crudapp/pkg/handlers/items_mock.go:62.82,65.2 2 0
crudapp/pkg/handlers/items_mock.go:68.67,74.2 5 0
crudapp/pkg/handlers/items_mock.go:77.78,80.2 2 0
crudapp/pkg/handlers/items_mock.go:83.70,89.2 5 0
crudapp/pkg/handlers/items_mock.go:92.81,95.2 2 0
crudapp/pkg/handlers/items_mock.go:98.64,104.2 5 0
crudapp/pkg/handlers/items_mock.go:107.81,110.2 2 0
crudapp/pkg/middleware/auth.go:20.72,21.71 1 0
crudapp/pkg/middleware/auth.go:21.71,23.42 1 0
crudapp/pkg/middleware/auth.go:27.3,29.39 3 0
crudapp/pkg/middleware/auth.go:34.3,35.40 2 0
crudapp/pkg/middleware/auth.go:23.42,26.4 2 0
crudapp/pkg/middleware/auth.go:29.39,33.4 2 0
crudapp/pkg/items/item.go:16.40,18.2 1 0
