mode: set
github.com/go-park-mail-ru/lectures/6/mysql_sqlmock/item_repo.go:18.56,21.16 3 0
github.com/go-park-mail-ru/lectures/6/mysql_sqlmock/item_repo.go:24.2,25.18 2 0
github.com/go-park-mail-ru/lectures/6/mysql_sqlmock/item_repo.go:33.2,33.19 1 0
github.com/go-park-mail-ru/lectures/6/mysql_sqlmock/item_repo.go:21.16,23.3 1 0
github.com/go-park-mail-ru/lectures/6/mysql_sqlmock/item_repo.go:25.18,28.17 3 0
github.com/go-park-mail-ru/lectures/6/mysql_sqlmock/item_repo.go:31.3,31.30 1 0
github.com/go-park-mail-ru/lectures/6/mysql_sqlmock/item_repo.go:28.17,30.4 1 0
github.com/go-park-mail-ru/lectures/6/mysql_sqlmock/item_repo.go:36.65,42.16 3 1
github.com/go-park-mail-ru/lectures/6/mysql_sqlmock/item_repo.go:45.2,45.18 1 1
github.com/go-park-mail-ru/lectures/6/mysql_sqlmock/item_repo.go:42.16,44.3 1 1
github.com/go-park-mail-ru/lectures/6/mysql_sqlmock/item_repo.go:48.63,54.16 2 1
github.com/go-park-mail-ru/lectures/6/mysql_sqlmock/item_repo.go:57.2,57.30 1 1
github.com/go-park-mail-ru/lectures/6/mysql_sqlmock/item_repo.go:54.16,56.3 1 1
github.com/go-park-mail-ru/lectures/6/mysql_sqlmock/item_repo.go:60.63,72.16 2 0
github.com/go-park-mail-ru/lectures/6/mysql_sqlmock/item_repo.go:75.2,75.30 1 0
github.com/go-park-mail-ru/lectures/6/mysql_sqlmock/item_repo.go:72.16,74.3 1 0
github.com/go-park-mail-ru/lectures/6/mysql_sqlmock/item_repo.go:78.61,83.16 2 0
github.com/go-park-mail-ru/lectures/6/mysql_sqlmock/item_repo.go:86.2,86.30 1 0
github.com/go-park-mail-ru/lectures/6/mysql_sqlmock/item_repo.go:83.16,85.3 1 0
github.com/go-park-mail-ru/lectures/6/mysql_sqlmock/main.go:29.64,31.16 2 0
github.com/go-park-mail-ru/lectures/6/mysql_sqlmock/main.go:36.2,41.16 2 0
github.com/go-park-mail-ru/lectures/6/mysql_sqlmock/main.go:31.16,35.3 3 0
github.com/go-park-mail-ru/lectures/6/mysql_sqlmock/main.go:41.16,45.3 3 0
github.com/go-park-mail-ru/lectures/6/mysql_sqlmock/main.go:48.67,50.16 2 0
github.com/go-park-mail-ru/lectures/6/mysql_sqlmock/main.go:50.16,53.3 2 0
github.com/go-park-mail-ru/lectures/6/mysql_sqlmock/main.go:56.63,62.16 3 0
github.com/go-park-mail-ru/lectures/6/mysql_sqlmock/main.go:68.2,70.44 2 0
github.com/go-park-mail-ru/lectures/6/mysql_sqlmock/main.go:62.16,66.3 3 0
github.com/go-park-mail-ru/lectures/6/mysql_sqlmock/main.go:73.64,76.27 3 0
github.com/go-park-mail-ru/lectures/6/mysql_sqlmock/main.go:82.2,83.16 2 0
github.com/go-park-mail-ru/lectures/6/mysql_sqlmock/main.go:89.2,90.16 2 0
github.com/go-park-mail-ru/lectures/6/mysql_sqlmock/main.go:76.27,80.3 3 0
github.com/go-park-mail-ru/lectures/6/mysql_sqlmock/main.go:83.16,87.3 3 0
github.com/go-park-mail-ru/lectures/6/mysql_sqlmock/main.go:90.16,93.3 2 0
github.com/go-park-mail-ru/lectures/6/mysql_sqlmock/main.go:96.66,107.16 6 0
github.com/go-park-mail-ru/lectures/6/mysql_sqlmock/main.go:113.2,115.44 2 0
github.com/go-park-mail-ru/lectures/6/mysql_sqlmock/main.go:107.16,111.3 3 0
github.com/go-park-mail-ru/lectures/6/mysql_sqlmock/main.go:118.66,129.2 8 0
github.com/go-park-mail-ru/lectures/6/mysql_sqlmock/main.go:131.13,146.16 7 0
github.com/go-park-mail-ru/lectures/6/mysql_sqlmock/main.go:150.2,170.33 12 0
github.com/go-park-mail-ru/lectures/6/mysql_sqlmock/main.go:146.16,147.13 1 0
github.com/go-park-mail-ru/lectures/6/mysql_sqlmock/main.go:175.29,176.16 1 0
github.com/go-park-mail-ru/lectures/6/mysql_sqlmock/main.go:176.16,177.13 1 0
